<?xml version="1.0" encoding="UTF-8"?>
<!-- Generated by org.testng.reporters.JUnitReportReporter -->
<testsuite hostname="LAPTOP-A7MOR3QH" failures="0" tests="2" name="customer.CreateCustomer" time="30.010" errors="0" timestamp="2021-02-25T15:57:51 ICT" skipped="0">
  <testcase classname="customer.CreateCustomer" name="TC002_CreateNewCustomerSuccessfully" time="20.799"/>
  <system-out/>
  <testcase classname="customer.CreateCustomer" name="TC001_Login" time="9.211"/>
  <system-out/>
</testsuite> <!-- customer.CreateCustomer -->
