<?xml version="1.0" encoding="UTF-8"?>
<!-- Generated by org.testng.reporters.JUnitReportReporter -->
<testsuite name="userLogout.UserLogout" tests="1" time="0.004" ignored="10" failures="0" timestamp="21 May 2019 08:04:15 GMT" skipped="1" hostname="DESKTOP-GSF6O71" errors="0">
  <testcase name="TC001_Logout" time="0.004" classname="userLogout.UserLogout">
    <skipped/>
  </testcase> <!-- TC001_Logout -->
  <testcase name="closeBrowser" classname="constant.RunFirst">
    <skipped/>
  </testcase> <!-- closeBrowser -->
  <testcase name="closeBrowser" classname="constant.RunFirst">
    <skipped/>
  </testcase> <!-- closeBrowser -->
  <testcase name="closeBrowser" classname="constant.RunFirst">
    <skipped/>
  </testcase> <!-- closeBrowser -->
  <testcase name="closeBrowser" classname="constant.RunFirst">
    <skipped/>
  </testcase> <!-- closeBrowser -->
  <testcase name="closeBrowser" classname="constant.RunFirst">
    <skipped/>
  </testcase> <!-- closeBrowser -->
  <testcase name="setupBrowser" classname="constant.RunFirst">
    <skipped/>
  </testcase> <!-- setupBrowser -->
  <testcase name="setupBrowser" classname="constant.RunFirst">
    <skipped/>
  </testcase> <!-- setupBrowser -->
  <testcase name="setupBrowser" classname="constant.RunFirst">
    <skipped/>
  </testcase> <!-- setupBrowser -->
  <testcase name="setupBrowser" classname="constant.RunFirst">
    <skipped/>
  </testcase> <!-- setupBrowser -->
  <testcase name="setupBrowser" classname="constant.RunFirst">
    <skipped/>
  </testcase> <!-- setupBrowser -->
</testsuite> <!-- userLogout.UserLogout -->
