<?xml version="1.0" encoding="UTF-8"?>
<!-- Generated by org.testng.reporters.JUnitReportReporter -->
<testsuite name="userSendWizard.SendWizardTestCase" tests="5" time="0.010" ignored="10" failures="0" timestamp="21 May 2019 08:04:15 GMT" skipped="5" hostname="DESKTOP-GSF6O71" errors="0">
  <testcase name="TC005_sendSpecificPackage" time="0.002" classname="userSendWizard.SendWizardTestCase">
    <skipped/>
  </testcase> <!-- TC005_sendSpecificPackage -->
  <testcase name="TC004_sendMultipleFile" time="0.002" classname="userSendWizard.SendWizardTestCase">
    <skipped/>
  </testcase> <!-- TC004_sendMultipleFile -->
  <testcase name="TC002_advancedOption" time="0.002" classname="userSendWizard.SendWizardTestCase">
    <skipped/>
  </testcase> <!-- TC002_advancedOption -->
  <testcase name="TC003_sendNonSupportFile" time="0.001" classname="userSendWizard.SendWizardTestCase">
    <skipped/>
  </testcase> <!-- TC003_sendNonSupportFile -->
  <testcase name="TC001_documentSettings" time="0.003" classname="userSendWizard.SendWizardTestCase">
    <skipped/>
  </testcase> <!-- TC001_documentSettings -->
  <testcase name="closeBrowser" classname="constant.RunFirst">
    <skipped/>
  </testcase> <!-- closeBrowser -->
  <testcase name="closeBrowser" classname="constant.RunFirst">
    <skipped/>
  </testcase> <!-- closeBrowser -->
  <testcase name="closeBrowser" classname="constant.RunFirst">
    <skipped/>
  </testcase> <!-- closeBrowser -->
  <testcase name="closeBrowser" classname="constant.RunFirst">
    <skipped/>
  </testcase> <!-- closeBrowser -->
  <testcase name="closeBrowser" classname="constant.RunFirst">
    <skipped/>
  </testcase> <!-- closeBrowser -->
  <testcase name="setupBrowser" classname="constant.RunFirst">
    <skipped/>
  </testcase> <!-- setupBrowser -->
  <testcase name="setupBrowser" classname="constant.RunFirst">
    <skipped/>
  </testcase> <!-- setupBrowser -->
  <testcase name="setupBrowser" classname="constant.RunFirst">
    <skipped/>
  </testcase> <!-- setupBrowser -->
  <testcase name="setupBrowser" classname="constant.RunFirst">
    <skipped/>
  </testcase> <!-- setupBrowser -->
  <testcase name="setupBrowser" classname="constant.RunFirst">
    <skipped/>
  </testcase> <!-- setupBrowser -->
</testsuite> <!-- userSendWizard.SendWizardTestCase -->
