<?xml version="1.0" encoding="UTF-8"?>
<!-- Generated by org.testng.reporters.JUnitReportReporter -->
<testsuite name="companyAdmin.CompanyTestCase" tests="15" time="0.031" ignored="10" failures="0" timestamp="21 May 2019 08:04:15 GMT" skipped="15" hostname="DESKTOP-GSF6O71" errors="0">
  <testcase name="TC010_ImportShareAddressBookIvalidFormat" time="0.001" classname="companyAdmin.CompanyTestCase">
    <skipped/>
  </testcase> <!-- TC010_ImportShareAddressBookIvalidFormat -->
  <testcase name="TC014_CompanyLogout" time="0.001" classname="companyAdmin.CompanyTestCase">
    <skipped/>
  </testcase> <!-- TC014_CompanyLogout -->
  <testcase name="TC004_AddUser" time="0.006" classname="companyAdmin.CompanyTestCase">
    <skipped/>
  </testcase> <!-- TC004_AddUser -->
  <testcase name="TC005_AddUserInvalidEmail" time="0.012" classname="companyAdmin.CompanyTestCase">
    <skipped/>
  </testcase> <!-- TC005_AddUserInvalidEmail -->
  <testcase name="TC006_DeleteUser" time="0.001" classname="companyAdmin.CompanyTestCase">
    <skipped/>
  </testcase> <!-- TC006_DeleteUser -->
  <testcase name="TC007_ImportShareAddressBookNodata" time="0.001" classname="companyAdmin.CompanyTestCase">
    <skipped/>
  </testcase> <!-- TC007_ImportShareAddressBookNodata -->
  <testcase name="TC012_AddShareAddressBook" time="0.001" classname="companyAdmin.CompanyTestCase">
    <skipped/>
  </testcase> <!-- TC012_AddShareAddressBook -->
  <testcase name="TC011_DeleteMultipleShareAddressBook" time="0.001" classname="companyAdmin.CompanyTestCase">
    <skipped/>
  </testcase> <!-- TC011_DeleteMultipleShareAddressBook -->
  <testcase name="TC008_ImportShareAddressBookSuccessfully" time="0.001" classname="companyAdmin.CompanyTestCase">
    <skipped/>
  </testcase> <!-- TC008_ImportShareAddressBookSuccessfully -->
  <testcase name="TC002_ImportUser" time="0.001" classname="companyAdmin.CompanyTestCase">
    <skipped/>
  </testcase> <!-- TC002_ImportUser -->
  <testcase name="TC013_DeleteShareAddressBook" time="0.001" classname="companyAdmin.CompanyTestCase">
    <skipped/>
  </testcase> <!-- TC013_DeleteShareAddressBook -->
  <testcase name="TC001_CompanyLogin" time="0.001" classname="companyAdmin.CompanyTestCase">
    <skipped/>
  </testcase> <!-- TC001_CompanyLogin -->
  <testcase name="TC000_CompanySignUpSuccess" time="0.001" classname="companyAdmin.CompanyTestCase">
    <skipped/>
  </testcase> <!-- TC000_CompanySignUpSuccess -->
  <testcase name="TC009_ImportShareAddressBookIvalidData" time="0.001" classname="companyAdmin.CompanyTestCase">
    <skipped/>
  </testcase> <!-- TC009_ImportShareAddressBookIvalidData -->
  <testcase name="TC003_ImportUserInvalidData" time="0.001" classname="companyAdmin.CompanyTestCase">
    <skipped/>
  </testcase> <!-- TC003_ImportUserInvalidData -->
  <testcase name="closeBrowser" classname="constant.RunFirst">
    <skipped/>
  </testcase> <!-- closeBrowser -->
  <testcase name="closeBrowser" classname="constant.RunFirst">
    <skipped/>
  </testcase> <!-- closeBrowser -->
  <testcase name="closeBrowser" classname="constant.RunFirst">
    <skipped/>
  </testcase> <!-- closeBrowser -->
  <testcase name="closeBrowser" classname="constant.RunFirst">
    <skipped/>
  </testcase> <!-- closeBrowser -->
  <testcase name="closeBrowser" classname="constant.RunFirst">
    <skipped/>
  </testcase> <!-- closeBrowser -->
  <testcase name="setupBrowser" classname="constant.RunFirst">
    <skipped/>
  </testcase> <!-- setupBrowser -->
  <testcase name="setupBrowser" classname="constant.RunFirst">
    <skipped/>
  </testcase> <!-- setupBrowser -->
  <testcase name="setupBrowser" classname="constant.RunFirst">
    <skipped/>
  </testcase> <!-- setupBrowser -->
  <testcase name="setupBrowser" classname="constant.RunFirst">
    <skipped/>
  </testcase> <!-- setupBrowser -->
  <testcase name="setupBrowser" classname="constant.RunFirst">
    <skipped/>
  </testcase> <!-- setupBrowser -->
</testsuite> <!-- companyAdmin.CompanyTestCase -->
