<?xml version="1.0" encoding="UTF-8"?>
<!-- Generated by org.testng.reporters.JUnitReportReporter -->
<testsuite name="resellerAdmin.ResellerAdminTestCase" tests="4" time="0.012" ignored="10" failures="0" timestamp="21 May 2019 08:04:15 GMT" skipped="4" hostname="DESKTOP-GSF6O71" errors="0">
  <testcase name="TC001_ResellerLogin" time="0.001" classname="resellerAdmin.ResellerAdminTestCase">
    <skipped/>
  </testcase> <!-- TC001_ResellerLogin -->
  <testcase name="TC003_DeleteCompany" time="0.000" classname="resellerAdmin.ResellerAdminTestCase">
    <skipped/>
  </testcase> <!-- TC003_DeleteCompany -->
  <testcase name="TC004_ResellerLogout" time="0.005" classname="resellerAdmin.ResellerAdminTestCase">
    <skipped/>
  </testcase> <!-- TC004_ResellerLogout -->
  <testcase name="TC002_AddNewCompany" time="0.006" classname="resellerAdmin.ResellerAdminTestCase">
    <skipped/>
  </testcase> <!-- TC002_AddNewCompany -->
  <testcase name="closeBrowser" classname="constant.RunFirst">
    <skipped/>
  </testcase> <!-- closeBrowser -->
  <testcase name="closeBrowser" classname="constant.RunFirst">
    <skipped/>
  </testcase> <!-- closeBrowser -->
  <testcase name="closeBrowser" classname="constant.RunFirst">
    <skipped/>
  </testcase> <!-- closeBrowser -->
  <testcase name="closeBrowser" classname="constant.RunFirst">
    <skipped/>
  </testcase> <!-- closeBrowser -->
  <testcase name="closeBrowser" classname="constant.RunFirst">
    <skipped/>
  </testcase> <!-- closeBrowser -->
  <testcase name="setupBrowser" classname="constant.RunFirst">
    <skipped/>
  </testcase> <!-- setupBrowser -->
  <testcase name="setupBrowser" classname="constant.RunFirst">
    <skipped/>
  </testcase> <!-- setupBrowser -->
  <testcase name="setupBrowser" classname="constant.RunFirst">
    <skipped/>
  </testcase> <!-- setupBrowser -->
  <testcase name="setupBrowser" classname="constant.RunFirst">
    <skipped/>
  </testcase> <!-- setupBrowser -->
  <testcase name="setupBrowser" classname="constant.RunFirst">
    <skipped/>
  </testcase> <!-- setupBrowser -->
</testsuite> <!-- resellerAdmin.ResellerAdminTestCase -->
