<?xml version="1.0" encoding="UTF-8"?>
<!-- Generated by org.testng.reporters.JUnitReportReporter -->
<testsuite name="userAddressBook.RecipientTestCase" tests="8" time="0.016" ignored="10" failures="0" timestamp="21 May 2019 08:04:15 GMT" skipped="8" hostname="DESKTOP-GSF6O71" errors="0">
  <testcase name="TC006_AddGroupRecipient" time="0.002" classname="userAddressBook.RecipientTestCase">
    <skipped/>
  </testcase> <!-- TC006_AddGroupRecipient -->
  <testcase name="TC007_AddRecipientIntoGroup" time="0.005" classname="userAddressBook.RecipientTestCase">
    <skipped/>
  </testcase> <!-- TC007_AddRecipientIntoGroup -->
  <testcase name="TC003_DeleteMultipleRecipient" time="0.001" classname="userAddressBook.RecipientTestCase">
    <skipped/>
  </testcase> <!-- TC003_DeleteMultipleRecipient -->
  <testcase name="TC001_OpenRecipientScreen" time="0.002" classname="userAddressBook.RecipientTestCase">
    <skipped/>
  </testcase> <!-- TC001_OpenRecipientScreen -->
  <testcase name="TC008_DeleteGroupRecipient" time="0.002" classname="userAddressBook.RecipientTestCase">
    <skipped/>
  </testcase> <!-- TC008_DeleteGroupRecipient -->
  <testcase name="TC005_DeleteRecipient" time="0.001" classname="userAddressBook.RecipientTestCase">
    <skipped/>
  </testcase> <!-- TC005_DeleteRecipient -->
  <testcase name="TC004_AddRecipient" time="0.001" classname="userAddressBook.RecipientTestCase">
    <skipped/>
  </testcase> <!-- TC004_AddRecipient -->
  <testcase name="TC002_ImportRecipient" time="0.002" classname="userAddressBook.RecipientTestCase">
    <skipped/>
  </testcase> <!-- TC002_ImportRecipient -->
  <testcase name="closeBrowser" classname="constant.RunFirst">
    <skipped/>
  </testcase> <!-- closeBrowser -->
  <testcase name="closeBrowser" classname="constant.RunFirst">
    <skipped/>
  </testcase> <!-- closeBrowser -->
  <testcase name="closeBrowser" classname="constant.RunFirst">
    <skipped/>
  </testcase> <!-- closeBrowser -->
  <testcase name="closeBrowser" classname="constant.RunFirst">
    <skipped/>
  </testcase> <!-- closeBrowser -->
  <testcase name="closeBrowser" classname="constant.RunFirst">
    <skipped/>
  </testcase> <!-- closeBrowser -->
  <testcase name="setupBrowser" classname="constant.RunFirst">
    <skipped/>
  </testcase> <!-- setupBrowser -->
  <testcase name="setupBrowser" classname="constant.RunFirst">
    <skipped/>
  </testcase> <!-- setupBrowser -->
  <testcase name="setupBrowser" classname="constant.RunFirst">
    <skipped/>
  </testcase> <!-- setupBrowser -->
  <testcase name="setupBrowser" classname="constant.RunFirst">
    <skipped/>
  </testcase> <!-- setupBrowser -->
  <testcase name="setupBrowser" classname="constant.RunFirst">
    <skipped/>
  </testcase> <!-- setupBrowser -->
</testsuite> <!-- userAddressBook.RecipientTestCase -->
